# JRE version: Java(TM) SE Runtime Environment (8.0_111-b14) (build 1.8.0_111-b14)
# Java VM: Java HotSpot(TM) 64-Bit Server VM (25.111-b14 mixed mode windows-amd64 compressed oops)
Heap:
 PSYoungGen      total 171008K, used 23050K [0x00000000d6100000, 0x00000000e3b80000, 0x0000000100000000)
  eden space 160256K, 7% used [0x00000000d6100000,0x00000000d6d0a440,0x00000000dfd80000)
  from space 10752K, 99% used [0x00000000e0c80000,0x00000000e16f84d0,0x00000000e1700000)
  to   space 15360K, 0% used [0x00000000dfd80000,0x00000000dfd80000,0x00000000e0c80000)
 ParOldGen       total 81920K, used 22034K [0x0000000082200000, 0x0000000087200000, 0x00000000d6100000)
  object space 81920K, 26% used [0x0000000082200000,0x0000000083784b98,0x0000000087200000)
 Metaspace       used 50330K, capacity 52744K, committed 53120K, reserved 1095680K
  class space    used 6557K, capacity 6976K, committed 7040K, reserved 1048576K
GC Heap History (10 events):
Event: 3.024 GC heap before
{Heap before GC invocations=6 (full 1):
 PSYoungGen      total 70656K, used 5088K [0x00000000d6100000, 0x00000000df200000, 0x0000000100000000)
  eden space 65536K, 0% used [0x00000000d6100000,0x00000000d6100000,0x00000000da100000)
  from space 5120K, 99% used [0x00000000da100000,0x00000000da5f8190,0x00000000da600000)
  to   space 8704K, 0% used [0x00000000de980000,0x00000000de980000,0x00000000df200000)
 ParOldGen       total 86016K, used 7079K [0x0000000082200000, 0x0000000087600000, 0x00000000d6100000)
  object space 86016K, 8% used [0x0000000082200000,0x00000000828e9c80,0x0000000087600000)
 Metaspace       used 20203K, capacity 21168K, committed 21248K, reserved 1067008K
  class space    used 2540K, capacity 2768K, committed 2816K, reserved 1048576K
Event: 3.071 GC heap after
Heap after GC invocations=6 (full 1):
 PSYoungGen      total 70656K, used 0K [0x00000000d6100000, 0x00000000df200000, 0x0000000100000000)
  eden space 65536K, 0% used [0x00000000d6100000,0x00000000d6100000,0x00000000da100000)
  from space 5120K, 0% used [0x00000000da100000,0x00000000da100000,0x00000000da600000)
  to   space 8704K, 0% used [0x00000000de980000,0x00000000de980000,0x00000000df200000)
 ParOldGen       total 53248K, used 5405K [0x0000000082200000, 0x0000000085600000, 0x00000000d6100000)
  object space 53248K, 10% used [0x0000000082200000,0x0000000082747438,0x0000000085600000)
 Metaspace       used 20203K, capacity 21168K, committed 21248K, reserved 1067008K
  class space    used 2540K, capacity 2768K, committed 2816K, reserved 1048576K
}
Event: 5.238 GC heap before
{Heap before GC invocations=7 (full 1):
 PSYoungGen      total 70656K, used 65531K [0x00000000d6100000, 0x00000000df200000, 0x0000000100000000)
  eden space 65536K, 99% used [0x00000000d6100000,0x00000000da0feca0,0x00000000da100000)
  from space 5120K, 0% used [0x00000000da100000,0x00000000da100000,0x00000000da600000)
  to   space 8704K, 0% used [0x00000000de980000,0x00000000de980000,0x00000000df200000)
 ParOldGen       total 53248K, used 5405K [0x0000000082200000, 0x0000000085600000, 0x00000000d6100000)
  object space 53248K, 10% used [0x0000000082200000,0x0000000082747438,0x0000000085600000)
 Metaspace       used 26145K, capacity 27792K, committed 28032K, reserved 1073152K
  class space    used 3323K, capacity 3658K, committed 3712K, reserved 1048576K
Event: 5.251 GC heap after
Heap after GC invocations=7 (full 1):
 PSYoungGen      total 113664K, used 7558K [0x00000000d6100000, 0x00000000df100000, 0x0000000100000000)
  eden space 105984K, 0% used [0x00000000d6100000,0x00000000d6100000,0x00000000dc880000)
  from space 7680K, 98% used [0x00000000de980000,0x00000000df0e1a58,0x00000000df100000)
  to   space 9216K, 0% used [0x00000000ddf00000,0x00000000ddf00000,0x00000000de800000)
 ParOldGen       total 53248K, used 5413K [0x0000000082200000, 0x0000000085600000, 0x00000000d6100000)
  object space 53248K, 10% used [0x0000000082200000,0x0000000082749438,0x0000000085600000)
 Metaspace       used 26145K, capacity 27792K, committed 28032K, reserved 1073152K
  class space    used 3323K, capacity 3658K, committed 3712K, reserved 1048576K
}
Event: 10.261 GC heap before
{Heap before GC invocations=8 (full 1):
 PSYoungGen      total 113664K, used 80764K [0x00000000d6100000, 0x00000000df100000, 0x0000000100000000)
  eden space 105984K, 69% used [0x00000000d6100000,0x00000000da87d758,0x00000000dc880000)
  from space 7680K, 98% used [0x00000000de980000,0x00000000df0e1a58,0x00000000df100000)
  to   space 9216K, 0% used [0x00000000ddf00000,0x00000000ddf00000,0x00000000de800000)
 ParOldGen       total 53248K, used 5413K [0x0000000082200000, 0x0000000085600000, 0x00000000d6100000)
  object space 53248K, 10% used [0x0000000082200000,0x0000000082749438,0x0000000085600000)
 Metaspace       used 33182K, capacity 35310K, committed 35416K, reserved 1081344K
  class space    used 4175K, capacity 4547K, committed 4608K, reserved 1048576K
Event: 10.279 GC heap after
Heap after GC invocations=8 (full 1):
 PSYoungGen      total 138240K, used 9200K [0x00000000d6100000, 0x00000000e1700000, 0x0000000100000000)
  eden space 129024K, 0% used [0x00000000d6100000,0x00000000d6100000,0x00000000ddf00000)
  from space 9216K, 99% used [0x00000000ddf00000,0x00000000de7fc0f0,0x00000000de800000)
  to   space 10752K, 0% used [0x00000000e0c80000,0x00000000e0c80000,0x00000000e1700000)
 ParOldGen       total 53248K, used 6623K [0x0000000082200000, 0x0000000085600000, 0x00000000d6100000)
  object space 53248K, 12% used [0x0000000082200000,0x0000000082877e50,0x0000000085600000)
 Metaspace       used 33182K, capacity 35310K, committed 35416K, reserved 1081344K
  class space    used 4175K, capacity 4547K, committed 4608K, reserved 1048576K
}
Event: 10.279 GC heap before
{Heap before GC invocations=9 (full 2):
 PSYoungGen      total 138240K, used 9200K [0x00000000d6100000, 0x00000000e1700000, 0x0000000100000000)
  eden space 129024K, 0% used [0x00000000d6100000,0x00000000d6100000,0x00000000ddf00000)
  from space 9216K, 99% used [0x00000000ddf00000,0x00000000de7fc0f0,0x00000000de800000)
  to   space 10752K, 0% used [0x00000000e0c80000,0x00000000e0c80000,0x00000000e1700000)
 ParOldGen       total 53248K, used 6623K [0x0000000082200000, 0x0000000085600000, 0x00000000d6100000)
  object space 53248K, 12% used [0x0000000082200000,0x0000000082877e50,0x0000000085600000)
 Metaspace       used 33182K, capacity 35310K, committed 35416K, reserved 1081344K
  class space    used 4175K, capacity 4547K, committed 4608K, reserved 1048576K
Event: 10.400 GC heap after
Heap after GC invocations=9 (full 2):
 PSYoungGen      total 138240K, used 0K [0x00000000d6100000, 0x00000000e1700000, 0x0000000100000000)
  eden space 129024K, 0% used [0x00000000d6100000,0x00000000d6100000,0x00000000ddf00000)
  from space 9216K, 0% used [0x00000000ddf00000,0x00000000ddf00000,0x00000000de800000)
  to   space 10752K, 0% used [0x00000000e0c80000,0x00000000e0c80000,0x00000000e1700000)
 ParOldGen       total 81920K, used 14112K [0x0000000082200000, 0x0000000087200000, 0x00000000d6100000)
  object space 81920K, 17% used [0x0000000082200000,0x0000000082fc8220,0x0000000087200000)
 Metaspace       used 33182K, capacity 35310K, committed 35416K, reserved 1081344K
  class space    used 4175K, capacity 4547K, committed 4608K, reserved 1048576K
}
Event: 15.519 GC heap before
{Heap before GC invocations=10 (full 2):
 PSYoungGen      total 138240K, used 129024K [0x00000000d6100000, 0x00000000e1700000, 0x0000000100000000)
  eden space 129024K, 100% used [0x00000000d6100000,0x00000000ddf00000,0x00000000ddf00000)
  from space 9216K, 0% used [0x00000000ddf00000,0x00000000ddf00000,0x00000000de800000)
  to   space 10752K, 0% used [0x00000000e0c80000,0x00000000e0c80000,0x00000000e1700000)
 ParOldGen       total 81920K, used 14112K [0x0000000082200000, 0x0000000087200000, 0x00000000d6100000)
  object space 81920K, 17% used [0x0000000082200000,0x0000000082fc8220,0x0000000087200000)
 Metaspace       used 49125K, capacity 51548K, committed 51968K, reserved 1093632K
  class space    used 6392K, capacity 6838K, committed 6912K, reserved 1048576K
Event: 15.551 GC heap after
Heap after GC invocations=10 (full 2):
 PSYoungGen      total 171008K, used 10721K [0x00000000d6100000, 0x00000000e3b80000, 0x0000000100000000)
  eden space 160256K, 0% used [0x00000000d6100000,0x00000000d6100000,0x00000000dfd80000)
  from space 10752K, 99% used [0x00000000e0c80000,0x00000000e16f84d0,0x00000000e1700000)
  to   space 15360K, 0% used [0x00000000dfd80000,0x00000000dfd80000,0x00000000e0c80000)
 ParOldGen       total 81920K, used 22034K [0x0000000082200000, 0x0000000087200000, 0x00000000d6100000)
  object space 81920K, 26% used [0x0000000082200000,0x0000000083784b98,0x0000000087200000)
 Metaspace       used 49125K, capacity 51548K, committed 51968K, reserved 1093632K
  class space    used 6392K, capacity 6838K, committed 6912K, reserved 1048576K
}

