# JRE version: Java(TM) SE Runtime Environment (8.0_111-b14) (build 1.8.0_111-b14)
# Java VM: Java HotSpot(TM) 64-Bit Server VM (25.111-b14 mixed mode windows-amd64 compressed oops)
Heap:
 PSYoungGen      total 138240K, used 71524K [0x00000000d6100000, 0x00000000e2800000, 0x0000000100000000)
  eden space 129024K, 55% used [0x00000000d6100000,0x00000000da6d90d8,0x00000000ddf00000)
  from space 9216K, 0% used [0x00000000ddf00000,0x00000000ddf00000,0x00000000de800000)
  to   space 16896K, 0% used [0x00000000e1780000,0x00000000e1780000,0x00000000e2800000)
 ParOldGen       total 111104K, used 23195K [0x0000000082200000, 0x0000000088e80000, 0x00000000d6100000)
  object space 111104K, 20% used [0x0000000082200000,0x00000000838a6fb0,0x0000000088e80000)
 Metaspace       used 65105K, capacity 67736K, committed 68096K, reserved 1107968K
  class space    used 8210K, capacity 8652K, committed 8704K, reserved 1048576K
GC Heap History (10 events):
Event: 17.315 GC heap before
{Heap before GC invocations=8 (full 1):
 PSYoungGen      total 114176K, used 82820K [0x00000000d6100000, 0x00000000df100000, 0x0000000100000000)
  eden space 106496K, 70% used [0x00000000d6100000,0x00000000daa89240,0x00000000dc900000)
  from space 7680K, 97% used [0x00000000de980000,0x00000000df0d7e78,0x00000000df100000)
  to   space 9216K, 0% used [0x00000000ddf00000,0x00000000ddf00000,0x00000000de800000)
 ParOldGen       total 52736K, used 5304K [0x0000000082200000, 0x0000000085580000, 0x00000000d6100000)
  object space 52736K, 10% used [0x0000000082200000,0x000000008272e350,0x0000000085580000)
 Metaspace       used 33191K, capacity 35306K, committed 35416K, reserved 1081344K
  class space    used 4179K, capacity 4547K, committed 4608K, reserved 1048576K
Event: 17.328 GC heap after
Heap after GC invocations=8 (full 1):
 PSYoungGen      total 138240K, used 9210K [0x00000000d6100000, 0x00000000e1800000, 0x0000000100000000)
  eden space 129024K, 0% used [0x00000000d6100000,0x00000000d6100000,0x00000000ddf00000)
  from space 9216K, 99% used [0x00000000ddf00000,0x00000000de7febb0,0x00000000de800000)
  to   space 10752K, 0% used [0x00000000e0d80000,0x00000000e0d80000,0x00000000e1800000)
 ParOldGen       total 52736K, used 6585K [0x0000000082200000, 0x0000000085580000, 0x00000000d6100000)
  object space 52736K, 12% used [0x0000000082200000,0x000000008286e610,0x0000000085580000)
 Metaspace       used 33191K, capacity 35306K, committed 35416K, reserved 1081344K
  class space    used 4179K, capacity 4547K, committed 4608K, reserved 1048576K
}
Event: 17.328 GC heap before
{Heap before GC invocations=9 (full 2):
 PSYoungGen      total 138240K, used 9210K [0x00000000d6100000, 0x00000000e1800000, 0x0000000100000000)
  eden space 129024K, 0% used [0x00000000d6100000,0x00000000d6100000,0x00000000ddf00000)
  from space 9216K, 99% used [0x00000000ddf00000,0x00000000de7febb0,0x00000000de800000)
  to   space 10752K, 0% used [0x00000000e0d80000,0x00000000e0d80000,0x00000000e1800000)
 ParOldGen       total 52736K, used 6585K [0x0000000082200000, 0x0000000085580000, 0x00000000d6100000)
  object space 52736K, 12% used [0x0000000082200000,0x000000008286e610,0x0000000085580000)
 Metaspace       used 33191K, capacity 35306K, committed 35416K, reserved 1081344K
  class space    used 4179K, capacity 4547K, committed 4608K, reserved 1048576K
Event: 17.451 GC heap after
Heap after GC invocations=9 (full 2):
 PSYoungGen      total 138240K, used 0K [0x00000000d6100000, 0x00000000e1800000, 0x0000000100000000)
  eden space 129024K, 0% used [0x00000000d6100000,0x00000000d6100000,0x00000000ddf00000)
  from space 9216K, 0% used [0x00000000ddf00000,0x00000000ddf00000,0x00000000de800000)
  to   space 10752K, 0% used [0x00000000e0d80000,0x00000000e0d80000,0x00000000e1800000)
 ParOldGen       total 78336K, used 14141K [0x0000000082200000, 0x0000000086e80000, 0x00000000d6100000)
  object space 78336K, 18% used [0x0000000082200000,0x0000000082fcf470,0x0000000086e80000)
 Metaspace       used 33191K, capacity 35306K, committed 35416K, reserved 1081344K
  class space    used 4179K, capacity 4547K, committed 4608K, reserved 1048576K
}
Event: 23.982 GC heap before
{Heap before GC invocations=10 (full 2):
 PSYoungGen      total 138240K, used 129024K [0x00000000d6100000, 0x00000000e1800000, 0x0000000100000000)
  eden space 129024K, 100% used [0x00000000d6100000,0x00000000ddf00000,0x00000000ddf00000)
  from space 9216K, 0% used [0x00000000ddf00000,0x00000000ddf00000,0x00000000de800000)
  to   space 10752K, 0% used [0x00000000e0d80000,0x00000000e0d80000,0x00000000e1800000)
 ParOldGen       total 78336K, used 14141K [0x0000000082200000, 0x0000000086e80000, 0x00000000d6100000)
  object space 78336K, 18% used [0x0000000082200000,0x0000000082fcf470,0x0000000086e80000)
 Metaspace       used 49171K, capacity 51612K, committed 51968K, reserved 1093632K
  class space    used 6398K, capacity 6840K, committed 6912K, reserved 1048576K
Event: 24.021 GC heap after
Heap after GC invocations=10 (full 2):
 PSYoungGen      total 139776K, used 10738K [0x00000000d6100000, 0x00000000e1800000, 0x0000000100000000)
  eden space 129024K, 0% used [0x00000000d6100000,0x00000000d6100000,0x00000000ddf00000)
  from space 10752K, 99% used [0x00000000e0d80000,0x00000000e17fca80,0x00000000e1800000)
  to   space 9216K, 0% used [0x00000000ddf00000,0x00000000ddf00000,0x00000000de800000)
 ParOldGen       total 78336K, used 22034K [0x0000000082200000, 0x0000000086e80000, 0x00000000d6100000)
  object space 78336K, 28% used [0x0000000082200000,0x00000000837849a0,0x0000000086e80000)
 Metaspace       used 49171K, capacity 51612K, committed 51968K, reserved 1093632K
  class space    used 6398K, capacity 6840K, committed 6912K, reserved 1048576K
}
Event: 26.771 GC heap before
{Heap before GC invocations=11 (full 2):
 PSYoungGen      total 139776K, used 71296K [0x00000000d6100000, 0x00000000e1800000, 0x0000000100000000)
  eden space 129024K, 46% used [0x00000000d6100000,0x00000000d9c23940,0x00000000ddf00000)
  from space 10752K, 99% used [0x00000000e0d80000,0x00000000e17fca80,0x00000000e1800000)
  to   space 9216K, 0% used [0x00000000ddf00000,0x00000000ddf00000,0x00000000de800000)
 ParOldGen       total 78336K, used 22034K [0x0000000082200000, 0x0000000086e80000, 0x00000000d6100000)
  object space 78336K, 28% used [0x0000000082200000,0x00000000837849a0,0x0000000086e80000)
 Metaspace       used 56302K, capacity 58762K, committed 59028K, reserved 1099776K
  class space    used 7414K, capacity 7863K, committed 7936K, reserved 1048576K
Event: 26.787 GC heap after
Heap after GC invocations=11 (full 2):
 PSYoungGen      total 138240K, used 9207K [0x00000000d6100000, 0x00000000e2800000, 0x0000000100000000)
  eden space 129024K, 0% used [0x00000000d6100000,0x00000000d6100000,0x00000000ddf00000)
  from space 9216K, 99% used [0x00000000ddf00000,0x00000000de7fdd40,0x00000000de800000)
  to   space 16896K, 0% used [0x00000000e1780000,0x00000000e1780000,0x00000000e2800000)
 ParOldGen       total 78336K, used 27328K [0x0000000082200000, 0x0000000086e80000, 0x00000000d6100000)
  object space 78336K, 34% used [0x0000000082200000,0x0000000083cb02a0,0x0000000086e80000)
 Metaspace       used 56302K, capacity 58762K, committed 59028K, reserved 1099776K
  class space    used 7414K, capacity 7863K, committed 7936K, reserved 1048576K
}
Event: 26.787 GC heap before
{Heap before GC invocations=12 (full 3):
 PSYoungGen      total 138240K, used 9207K [0x00000000d6100000, 0x00000000e2800000, 0x0000000100000000)
  eden space 129024K, 0% used [0x00000000d6100000,0x00000000d6100000,0x00000000ddf00000)
  from space 9216K, 99% used [0x00000000ddf00000,0x00000000de7fdd40,0x00000000de800000)
  to   space 16896K, 0% used [0x00000000e1780000,0x00000000e1780000,0x00000000e2800000)
 ParOldGen       total 78336K, used 27328K [0x0000000082200000, 0x0000000086e80000, 0x00000000d6100000)
  object space 78336K, 34% used [0x0000000082200000,0x0000000083cb02a0,0x0000000086e80000)
 Metaspace       used 56302K, capacity 58762K, committed 59028K, reserved 1099776K
  class space    used 7414K, capacity 7863K, committed 7936K, reserved 1048576K
Event: 26.990 GC heap after
Heap after GC invocations=12 (full 3):
 PSYoungGen      total 138240K, used 0K [0x00000000d6100000, 0x00000000e2800000, 0x0000000100000000)
  eden space 129024K, 0% used [0x00000000d6100000,0x00000000d6100000,0x00000000ddf00000)
  from space 9216K, 0% used [0x00000000ddf00000,0x00000000ddf00000,0x00000000de800000)
  to   space 16896K, 0% used [0x00000000e1780000,0x00000000e1780000,0x00000000e2800000)
 ParOldGen       total 111104K, used 23195K [0x0000000082200000, 0x0000000088e80000, 0x00000000d6100000)
  object space 111104K, 20% used [0x0000000082200000,0x00000000838a6fb0,0x0000000088e80000)
 Metaspace       used 56302K, capacity 58762K, committed 59028K, reserved 1099776K
  class space    used 7414K, capacity 7863K, committed 7936K, reserved 1048576K
}

