# JRE version: Java(TM) SE Runtime Environment (8.0_111-b14) (build 1.8.0_111-b14)
# Java VM: Java HotSpot(TM) 64-Bit Server VM (25.111-b14 mixed mode windows-amd64 compressed oops)
Heap:
 PSYoungGen      total 217088K, used 43177K [0x00000000d6100000, 0x00000000e4f80000, 0x0000000100000000)
  eden space 201728K, 21% used [0x00000000d6100000,0x00000000d8b2a778,0x00000000e2600000)
  from space 15360K, 0% used [0x00000000e2600000,0x00000000e2600000,0x00000000e3500000)
  to   space 10752K, 0% used [0x00000000e3500000,0x00000000e3500000,0x00000000e3f80000)
 ParOldGen       total 93184K, used 23052K [0x0000000082200000, 0x0000000087d00000, 0x00000000d6100000)
  object space 93184K, 24% used [0x0000000082200000,0x0000000083883158,0x0000000087d00000)
 Metaspace       used 62775K, capacity 65278K, committed 65664K, reserved 1110016K
  class space    used 8011K, capacity 8453K, committed 8576K, reserved 1048576K
GC Heap History (10 events):
Event: 11.733 GC heap before
{Heap before GC invocations=8 (full 1):
 PSYoungGen      total 125440K, used 85819K [0x00000000d6100000, 0x00000000df100000, 0x0000000100000000)
  eden space 117760K, 66% used [0x00000000d6100000,0x00000000dad69740,0x00000000dd400000)
  from space 7680K, 98% used [0x00000000de980000,0x00000000df0e5740,0x00000000df100000)
  to   space 9216K, 0% used [0x00000000ddf00000,0x00000000ddf00000,0x00000000de800000)
 ParOldGen       total 47616K, used 5132K [0x0000000082200000, 0x0000000085080000, 0x00000000d6100000)
  object space 47616K, 10% used [0x0000000082200000,0x00000000827030f8,0x0000000085080000)
 Metaspace       used 33186K, capacity 35310K, committed 35416K, reserved 1081344K
  class space    used 4177K, capacity 4547K, committed 4608K, reserved 1048576K
Event: 11.749 GC heap after
Heap after GC invocations=8 (full 1):
 PSYoungGen      total 138240K, used 9185K [0x00000000d6100000, 0x00000000e3f80000, 0x0000000100000000)
  eden space 129024K, 0% used [0x00000000d6100000,0x00000000d6100000,0x00000000ddf00000)
  from space 9216K, 99% used [0x00000000ddf00000,0x00000000de7f8560,0x00000000de800000)
  to   space 10752K, 0% used [0x00000000e3500000,0x00000000e3500000,0x00000000e3f80000)
 ParOldGen       total 47616K, used 6315K [0x0000000082200000, 0x0000000085080000, 0x00000000d6100000)
  object space 47616K, 13% used [0x0000000082200000,0x000000008282ac68,0x0000000085080000)
 Metaspace       used 33186K, capacity 35310K, committed 35416K, reserved 1081344K
  class space    used 4177K, capacity 4547K, committed 4608K, reserved 1048576K
}
Event: 11.749 GC heap before
{Heap before GC invocations=9 (full 2):
 PSYoungGen      total 138240K, used 9185K [0x00000000d6100000, 0x00000000e3f80000, 0x0000000100000000)
  eden space 129024K, 0% used [0x00000000d6100000,0x00000000d6100000,0x00000000ddf00000)
  from space 9216K, 99% used [0x00000000ddf00000,0x00000000de7f8560,0x00000000de800000)
  to   space 10752K, 0% used [0x00000000e3500000,0x00000000e3500000,0x00000000e3f80000)
 ParOldGen       total 47616K, used 6315K [0x0000000082200000, 0x0000000085080000, 0x00000000d6100000)
  object space 47616K, 13% used [0x0000000082200000,0x000000008282ac68,0x0000000085080000)
 Metaspace       used 33186K, capacity 35310K, committed 35416K, reserved 1081344K
  class space    used 4177K, capacity 4547K, committed 4608K, reserved 1048576K
Event: 11.864 GC heap after
Heap after GC invocations=9 (full 2):
 PSYoungGen      total 138240K, used 0K [0x00000000d6100000, 0x00000000e3f80000, 0x0000000100000000)
  eden space 129024K, 0% used [0x00000000d6100000,0x00000000d6100000,0x00000000ddf00000)
  from space 9216K, 0% used [0x00000000ddf00000,0x00000000ddf00000,0x00000000de800000)
  to   space 10752K, 0% used [0x00000000e3500000,0x00000000e3500000,0x00000000e3f80000)
 ParOldGen       total 67584K, used 14107K [0x0000000082200000, 0x0000000086400000, 0x00000000d6100000)
  object space 67584K, 20% used [0x0000000082200000,0x0000000082fc6f70,0x0000000086400000)
 Metaspace       used 33186K, capacity 35310K, committed 35416K, reserved 1081344K
  class space    used 4177K, capacity 4547K, committed 4608K, reserved 1048576K
}
Event: 16.611 GC heap before
{Heap before GC invocations=10 (full 2):
 PSYoungGen      total 138240K, used 129024K [0x00000000d6100000, 0x00000000e3f80000, 0x0000000100000000)
  eden space 129024K, 100% used [0x00000000d6100000,0x00000000ddf00000,0x00000000ddf00000)
  from space 9216K, 0% used [0x00000000ddf00000,0x00000000ddf00000,0x00000000de800000)
  to   space 10752K, 0% used [0x00000000e3500000,0x00000000e3500000,0x00000000e3f80000)
 ParOldGen       total 67584K, used 14107K [0x0000000082200000, 0x0000000086400000, 0x00000000d6100000)
  object space 67584K, 20% used [0x0000000082200000,0x0000000082fc6f70,0x0000000086400000)
 Metaspace       used 49367K, capacity 51788K, committed 51968K, reserved 1093632K
  class space    used 6425K, capacity 6874K, committed 6912K, reserved 1048576K
Event: 16.641 GC heap after
Heap after GC invocations=10 (full 2):
 PSYoungGen      total 212480K, used 10741K [0x00000000d6100000, 0x00000000e4f80000, 0x0000000100000000)
  eden space 201728K, 0% used [0x00000000d6100000,0x00000000d6100000,0x00000000e2600000)
  from space 10752K, 99% used [0x00000000e3500000,0x00000000e3f7d5c0,0x00000000e3f80000)
  to   space 15360K, 0% used [0x00000000e2600000,0x00000000e2600000,0x00000000e3500000)
 ParOldGen       total 67584K, used 22194K [0x0000000082200000, 0x0000000086400000, 0x00000000d6100000)
  object space 67584K, 32% used [0x0000000082200000,0x00000000837acae8,0x0000000086400000)
 Metaspace       used 49367K, capacity 51788K, committed 51968K, reserved 1093632K
  class space    used 6425K, capacity 6874K, committed 6912K, reserved 1048576K
}
Event: 18.367 GC heap before
{Heap before GC invocations=11 (full 2):
 PSYoungGen      total 212480K, used 69666K [0x00000000d6100000, 0x00000000e4f80000, 0x0000000100000000)
  eden space 201728K, 29% used [0x00000000d6100000,0x00000000d9a8b5c8,0x00000000e2600000)
  from space 10752K, 99% used [0x00000000e3500000,0x00000000e3f7d5c0,0x00000000e3f80000)
  to   space 15360K, 0% used [0x00000000e2600000,0x00000000e2600000,0x00000000e3500000)
 ParOldGen       total 67584K, used 22194K [0x0000000082200000, 0x0000000086400000, 0x00000000d6100000)
  object space 67584K, 32% used [0x0000000082200000,0x00000000837acae8,0x0000000086400000)
 Metaspace       used 56324K, capacity 58766K, committed 59028K, reserved 1099776K
  class space    used 7412K, capacity 7863K, committed 7936K, reserved 1048576K
Event: 18.411 GC heap after
Heap after GC invocations=11 (full 2):
 PSYoungGen      total 217088K, used 14384K [0x00000000d6100000, 0x00000000e4f80000, 0x0000000100000000)
  eden space 201728K, 0% used [0x00000000d6100000,0x00000000d6100000,0x00000000e2600000)
  from space 15360K, 93% used [0x00000000e2600000,0x00000000e340c3d0,0x00000000e3500000)
  to   space 10752K, 0% used [0x00000000e3500000,0x00000000e3500000,0x00000000e3f80000)
 ParOldGen       total 67584K, used 22202K [0x0000000082200000, 0x0000000086400000, 0x00000000d6100000)
  object space 67584K, 32% used [0x0000000082200000,0x00000000837aeae8,0x0000000086400000)
 Metaspace       used 56324K, capacity 58766K, committed 59028K, reserved 1099776K
  class space    used 7412K, capacity 7863K, committed 7936K, reserved 1048576K
}
Event: 18.411 GC heap before
{Heap before GC invocations=12 (full 3):
 PSYoungGen      total 217088K, used 14384K [0x00000000d6100000, 0x00000000e4f80000, 0x0000000100000000)
  eden space 201728K, 0% used [0x00000000d6100000,0x00000000d6100000,0x00000000e2600000)
  from space 15360K, 93% used [0x00000000e2600000,0x00000000e340c3d0,0x00000000e3500000)
  to   space 10752K, 0% used [0x00000000e3500000,0x00000000e3500000,0x00000000e3f80000)
 ParOldGen       total 67584K, used 22202K [0x0000000082200000, 0x0000000086400000, 0x00000000d6100000)
  object space 67584K, 32% used [0x0000000082200000,0x00000000837aeae8,0x0000000086400000)
 Metaspace       used 56324K, capacity 58766K, committed 59028K, reserved 1099776K
  class space    used 7412K, capacity 7863K, committed 7936K, reserved 1048576K
Event: 18.648 GC heap after
Heap after GC invocations=12 (full 3):
 PSYoungGen      total 217088K, used 0K [0x00000000d6100000, 0x00000000e4f80000, 0x0000000100000000)
  eden space 201728K, 0% used [0x00000000d6100000,0x00000000d6100000,0x00000000e2600000)
  from space 15360K, 0% used [0x00000000e2600000,0x00000000e2600000,0x00000000e3500000)
  to   space 10752K, 0% used [0x00000000e3500000,0x00000000e3500000,0x00000000e3f80000)
 ParOldGen       total 93184K, used 23052K [0x0000000082200000, 0x0000000087d00000, 0x00000000d6100000)
  object space 93184K, 24% used [0x0000000082200000,0x0000000083883158,0x0000000087d00000)
 Metaspace       used 56324K, capacity 58766K, committed 59028K, reserved 1099776K
  class space    used 7412K, capacity 7863K, committed 7936K, reserved 1048576K
}

