# JRE version: Java(TM) SE Runtime Environment (8.0_111-b14) (build 1.8.0_111-b14)
# Java VM: Java HotSpot(TM) 64-Bit Server VM (25.111-b14 mixed mode windows-amd64 compressed oops)
Heap:
 PSYoungGen      total 138240K, used 60593K [0x00000000d6100000, 0x00000000e0a80000, 0x0000000100000000)
  eden space 129024K, 46% used [0x00000000d6100000,0x00000000d9c2c740,0x00000000ddf00000)
  from space 9216K, 0% used [0x00000000ddf00000,0x00000000ddf00000,0x00000000de800000)
  to   space 10752K, 0% used [0x00000000e0000000,0x00000000e0000000,0x00000000e0a80000)
 ParOldGen       total 84480K, used 14109K [0x0000000082200000, 0x0000000087480000, 0x00000000d6100000)
  object space 84480K, 16% used [0x0000000082200000,0x0000000082fc76d8,0x0000000087480000)
 Metaspace       used 41183K, capacity 43420K, committed 43776K, reserved 1087488K
  class space    used 5460K, capacity 5852K, committed 5888K, reserved 1048576K
GC Heap History (10 events):
Event: 3.131 GC heap before
{Heap before GC invocations=5 (full 0):
 PSYoungGen      total 70656K, used 10935K [0x00000000d6100000, 0x00000000dab00000, 0x0000000100000000)
  eden space 65536K, 8% used [0x00000000d6100000,0x00000000d66b5ce0,0x00000000da100000)
  from space 5120K, 99% used [0x00000000da600000,0x00000000daaf80b8,0x00000000dab00000)
  to   space 5120K, 0% used [0x00000000da100000,0x00000000da100000,0x00000000da600000)
 ParOldGen       total 86016K, used 6902K [0x0000000082200000, 0x0000000087600000, 0x00000000d6100000)
  object space 86016K, 8% used [0x0000000082200000,0x00000000828bd980,0x0000000087600000)
 Metaspace       used 20206K, capacity 21172K, committed 21248K, reserved 1067008K
  class space    used 2539K, capacity 2768K, committed 2816K, reserved 1048576K
Event: 3.138 GC heap after
Heap after GC invocations=5 (full 0):
 PSYoungGen      total 70656K, used 5104K [0x00000000d6100000, 0x00000000df200000, 0x0000000100000000)
  eden space 65536K, 0% used [0x00000000d6100000,0x00000000d6100000,0x00000000da100000)
  from space 5120K, 99% used [0x00000000da100000,0x00000000da5fc0a8,0x00000000da600000)
  to   space 8704K, 0% used [0x00000000de980000,0x00000000de980000,0x00000000df200000)
 ParOldGen       total 86016K, used 7005K [0x0000000082200000, 0x0000000087600000, 0x00000000d6100000)
  object space 86016K, 8% used [0x0000000082200000,0x00000000828d7698,0x0000000087600000)
 Metaspace       used 20206K, capacity 21172K, committed 21248K, reserved 1067008K
  class space    used 2539K, capacity 2768K, committed 2816K, reserved 1048576K
}
Event: 3.138 GC heap before
{Heap before GC invocations=6 (full 1):
 PSYoungGen      total 70656K, used 5104K [0x00000000d6100000, 0x00000000df200000, 0x0000000100000000)
  eden space 65536K, 0% used [0x00000000d6100000,0x00000000d6100000,0x00000000da100000)
  from space 5120K, 99% used [0x00000000da100000,0x00000000da5fc0a8,0x00000000da600000)
  to   space 8704K, 0% used [0x00000000de980000,0x00000000de980000,0x00000000df200000)
 ParOldGen       total 86016K, used 7005K [0x0000000082200000, 0x0000000087600000, 0x00000000d6100000)
  object space 86016K, 8% used [0x0000000082200000,0x00000000828d7698,0x0000000087600000)
 Metaspace       used 20206K, capacity 21172K, committed 21248K, reserved 1067008K
  class space    used 2539K, capacity 2768K, committed 2816K, reserved 1048576K
Event: 3.187 GC heap after
Heap after GC invocations=6 (full 1):
 PSYoungGen      total 70656K, used 0K [0x00000000d6100000, 0x00000000df200000, 0x0000000100000000)
  eden space 65536K, 0% used [0x00000000d6100000,0x00000000d6100000,0x00000000da100000)
  from space 5120K, 0% used [0x00000000da100000,0x00000000da100000,0x00000000da600000)
  to   space 8704K, 0% used [0x00000000de980000,0x00000000de980000,0x00000000df200000)
 ParOldGen       total 55296K, used 5373K [0x0000000082200000, 0x0000000085800000, 0x00000000d6100000)
  object space 55296K, 9% used [0x0000000082200000,0x000000008273f4f8,0x0000000085800000)
 Metaspace       used 20206K, capacity 21172K, committed 21248K, reserved 1067008K
  class space    used 2539K, capacity 2768K, committed 2816K, reserved 1048576K
}
Event: 5.409 GC heap before
{Heap before GC invocations=7 (full 1):
 PSYoungGen      total 70656K, used 65515K [0x00000000d6100000, 0x00000000df200000, 0x0000000100000000)
  eden space 65536K, 99% used [0x00000000d6100000,0x00000000da0fadf8,0x00000000da100000)
  from space 5120K, 0% used [0x00000000da100000,0x00000000da100000,0x00000000da600000)
  to   space 8704K, 0% used [0x00000000de980000,0x00000000de980000,0x00000000df200000)
 ParOldGen       total 55296K, used 5373K [0x0000000082200000, 0x0000000085800000, 0x00000000d6100000)
  object space 55296K, 9% used [0x0000000082200000,0x000000008273f4f8,0x0000000085800000)
 Metaspace       used 26139K, capacity 27764K, committed 28032K, reserved 1073152K
  class space    used 3319K, capacity 3626K, committed 3712K, reserved 1048576K
Event: 5.423 GC heap after
Heap after GC invocations=7 (full 1):
 PSYoungGen      total 109568K, used 7501K [0x00000000d6100000, 0x00000000df100000, 0x0000000100000000)
  eden space 101888K, 0% used [0x00000000d6100000,0x00000000d6100000,0x00000000dc480000)
  from space 7680K, 97% used [0x00000000de980000,0x00000000df0d3438,0x00000000df100000)
  to   space 9216K, 0% used [0x00000000ddf00000,0x00000000ddf00000,0x00000000de800000)
 ParOldGen       total 55296K, used 5381K [0x0000000082200000, 0x0000000085800000, 0x00000000d6100000)
  object space 55296K, 9% used [0x0000000082200000,0x00000000827414f8,0x0000000085800000)
 Metaspace       used 26139K, capacity 27764K, committed 28032K, reserved 1073152K
  class space    used 3319K, capacity 3626K, committed 3712K, reserved 1048576K
}
Event: 16.284 GC heap before
{Heap before GC invocations=8 (full 1):
 PSYoungGen      total 109568K, used 80491K [0x00000000d6100000, 0x00000000df100000, 0x0000000100000000)
  eden space 101888K, 71% used [0x00000000d6100000,0x00000000da847b60,0x00000000dc480000)
  from space 7680K, 97% used [0x00000000de980000,0x00000000df0d3438,0x00000000df100000)
  to   space 9216K, 0% used [0x00000000ddf00000,0x00000000ddf00000,0x00000000de800000)
 ParOldGen       total 55296K, used 5381K [0x0000000082200000, 0x0000000085800000, 0x00000000d6100000)
  object space 55296K, 9% used [0x0000000082200000,0x00000000827414f8,0x0000000085800000)
 Metaspace       used 33182K, capacity 35310K, committed 35416K, reserved 1081344K
  class space    used 4174K, capacity 4547K, committed 4608K, reserved 1048576K
Event: 16.303 GC heap after
Heap after GC invocations=8 (full 1):
 PSYoungGen      total 138240K, used 9213K [0x00000000d6100000, 0x00000000e0a80000, 0x0000000100000000)
  eden space 129024K, 0% used [0x00000000d6100000,0x00000000d6100000,0x00000000ddf00000)
  from space 9216K, 99% used [0x00000000ddf00000,0x00000000de7ff758,0x00000000de800000)
  to   space 10752K, 0% used [0x00000000e0000000,0x00000000e0000000,0x00000000e0a80000)
 ParOldGen       total 55296K, used 6627K [0x0000000082200000, 0x0000000085800000, 0x00000000d6100000)
  object space 55296K, 11% used [0x0000000082200000,0x0000000082878e08,0x0000000085800000)
 Metaspace       used 33182K, capacity 35310K, committed 35416K, reserved 1081344K
  class space    used 4174K, capacity 4547K, committed 4608K, reserved 1048576K
}
Event: 16.303 GC heap before
{Heap before GC invocations=9 (full 2):
 PSYoungGen      total 138240K, used 9213K [0x00000000d6100000, 0x00000000e0a80000, 0x0000000100000000)
  eden space 129024K, 0% used [0x00000000d6100000,0x00000000d6100000,0x00000000ddf00000)
  from space 9216K, 99% used [0x00000000ddf00000,0x00000000de7ff758,0x00000000de800000)
  to   space 10752K, 0% used [0x00000000e0000000,0x00000000e0000000,0x00000000e0a80000)
 ParOldGen       total 55296K, used 6627K [0x0000000082200000, 0x0000000085800000, 0x00000000d6100000)
  object space 55296K, 11% used [0x0000000082200000,0x0000000082878e08,0x0000000085800000)
 Metaspace       used 33182K, capacity 35310K, committed 35416K, reserved 1081344K
  class space    used 4174K, capacity 4547K, committed 4608K, reserved 1048576K
Event: 16.425 GC heap after
Heap after GC invocations=9 (full 2):
 PSYoungGen      total 138240K, used 0K [0x00000000d6100000, 0x00000000e0a80000, 0x0000000100000000)
  eden space 129024K, 0% used [0x00000000d6100000,0x00000000d6100000,0x00000000ddf00000)
  from space 9216K, 0% used [0x00000000ddf00000,0x00000000ddf00000,0x00000000de800000)
  to   space 10752K, 0% used [0x00000000e0000000,0x00000000e0000000,0x00000000e0a80000)
 ParOldGen       total 84480K, used 14109K [0x0000000082200000, 0x0000000087480000, 0x00000000d6100000)
  object space 84480K, 16% used [0x0000000082200000,0x0000000082fc76d8,0x0000000087480000)
 Metaspace       used 33182K, capacity 35310K, committed 35416K, reserved 1081344K
  class space    used 4174K, capacity 4547K, committed 4608K, reserved 1048576K
}

