# JRE version: Java(TM) SE Runtime Environment (8.0_111-b14) (build 1.8.0_111-b14)
# Java VM: Java HotSpot(TM) 64-Bit Server VM (25.111-b14 mixed mode windows-amd64 compressed oops)
Heap:
 PSYoungGen      total 175616K, used 8017K [0x00000000d6100000, 0x00000000e4280000, 0x0000000100000000)
  eden space 160256K, 5% used [0x00000000d6100000,0x00000000d68d45a0,0x00000000dfd80000)
  from space 15360K, 0% used [0x00000000dfd80000,0x00000000dfd80000,0x00000000e0c80000)
  to   space 10752K, 0% used [0x00000000e0c80000,0x00000000e0c80000,0x00000000e1700000)
 ParOldGen       total 79360K, used 23066K [0x0000000082200000, 0x0000000086f80000, 0x00000000d6100000)
  object space 79360K, 29% used [0x0000000082200000,0x0000000083886888,0x0000000086f80000)
 Metaspace       used 57191K, capacity 59718K, committed 60032K, reserved 1101824K
  class space    used 7537K, capacity 8005K, committed 8064K, reserved 1048576K
GC Heap History (10 events):
Event: 15.577 GC heap before
{Heap before GC invocations=8 (full 1):
 PSYoungGen      total 113664K, used 83383K [0x00000000d6100000, 0x00000000df100000, 0x0000000100000000)
  eden space 105984K, 71% used [0x00000000d6100000,0x00000000dab2c3b0,0x00000000dc880000)
  from space 7680K, 96% used [0x00000000de980000,0x00000000df0c1b50,0x00000000df100000)
  to   space 9216K, 0% used [0x00000000ddf00000,0x00000000ddf00000,0x00000000de800000)
 ParOldGen       total 53248K, used 5315K [0x0000000082200000, 0x0000000085600000, 0x00000000d6100000)
  object space 53248K, 9% used [0x0000000082200000,0x0000000082730d50,0x0000000085600000)
 Metaspace       used 33179K, capacity 35318K, committed 35416K, reserved 1081344K
  class space    used 4172K, capacity 4547K, committed 4608K, reserved 1048576K
Event: 15.596 GC heap after
Heap after GC invocations=8 (full 1):
 PSYoungGen      total 138240K, used 9204K [0x00000000d6100000, 0x00000000e1700000, 0x0000000100000000)
  eden space 129024K, 0% used [0x00000000d6100000,0x00000000d6100000,0x00000000ddf00000)
  from space 9216K, 99% used [0x00000000ddf00000,0x00000000de7fd250,0x00000000de800000)
  to   space 10752K, 0% used [0x00000000e0c80000,0x00000000e0c80000,0x00000000e1700000)
 ParOldGen       total 53248K, used 6543K [0x0000000082200000, 0x0000000085600000, 0x00000000d6100000)
  object space 53248K, 12% used [0x0000000082200000,0x0000000082863d48,0x0000000085600000)
 Metaspace       used 33179K, capacity 35318K, committed 35416K, reserved 1081344K
  class space    used 4172K, capacity 4547K, committed 4608K, reserved 1048576K
}
Event: 15.596 GC heap before
{Heap before GC invocations=9 (full 2):
 PSYoungGen      total 138240K, used 9204K [0x00000000d6100000, 0x00000000e1700000, 0x0000000100000000)
  eden space 129024K, 0% used [0x00000000d6100000,0x00000000d6100000,0x00000000ddf00000)
  from space 9216K, 99% used [0x00000000ddf00000,0x00000000de7fd250,0x00000000de800000)
  to   space 10752K, 0% used [0x00000000e0c80000,0x00000000e0c80000,0x00000000e1700000)
 ParOldGen       total 53248K, used 6543K [0x0000000082200000, 0x0000000085600000, 0x00000000d6100000)
  object space 53248K, 12% used [0x0000000082200000,0x0000000082863d48,0x0000000085600000)
 Metaspace       used 33179K, capacity 35318K, committed 35416K, reserved 1081344K
  class space    used 4172K, capacity 4547K, committed 4608K, reserved 1048576K
Event: 15.712 GC heap after
Heap after GC invocations=9 (full 2):
 PSYoungGen      total 138240K, used 0K [0x00000000d6100000, 0x00000000e1700000, 0x0000000100000000)
  eden space 129024K, 0% used [0x00000000d6100000,0x00000000d6100000,0x00000000ddf00000)
  from space 9216K, 0% used [0x00000000ddf00000,0x00000000ddf00000,0x00000000de800000)
  to   space 10752K, 0% used [0x00000000e0c80000,0x00000000e0c80000,0x00000000e1700000)
 ParOldGen       total 79360K, used 14149K [0x0000000082200000, 0x0000000086f80000, 0x00000000d6100000)
  object space 79360K, 17% used [0x0000000082200000,0x0000000082fd1550,0x0000000086f80000)
 Metaspace       used 33179K, capacity 35318K, committed 35416K, reserved 1081344K
  class space    used 4172K, capacity 4547K, committed 4608K, reserved 1048576K
}
Event: 20.982 GC heap before
{Heap before GC invocations=10 (full 2):
 PSYoungGen      total 138240K, used 129024K [0x00000000d6100000, 0x00000000e1700000, 0x0000000100000000)
  eden space 129024K, 100% used [0x00000000d6100000,0x00000000ddf00000,0x00000000ddf00000)
  from space 9216K, 0% used [0x00000000ddf00000,0x00000000ddf00000,0x00000000de800000)
  to   space 10752K, 0% used [0x00000000e0c80000,0x00000000e0c80000,0x00000000e1700000)
 ParOldGen       total 79360K, used 14149K [0x0000000082200000, 0x0000000086f80000, 0x00000000d6100000)
  object space 79360K, 17% used [0x0000000082200000,0x0000000082fd1550,0x0000000086f80000)
 Metaspace       used 49331K, capacity 51796K, committed 51968K, reserved 1093632K
  class space    used 6425K, capacity 6874K, committed 6912K, reserved 1048576K
Event: 21.013 GC heap after
Heap after GC invocations=10 (full 2):
 PSYoungGen      total 171008K, used 10735K [0x00000000d6100000, 0x00000000e4280000, 0x0000000100000000)
  eden space 160256K, 0% used [0x00000000d6100000,0x00000000d6100000,0x00000000dfd80000)
  from space 10752K, 99% used [0x00000000e0c80000,0x00000000e16fbd68,0x00000000e1700000)
  to   space 15360K, 0% used [0x00000000dfd80000,0x00000000dfd80000,0x00000000e0c80000)
 ParOldGen       total 79360K, used 22297K [0x0000000082200000, 0x0000000086f80000, 0x00000000d6100000)
  object space 79360K, 28% used [0x0000000082200000,0x00000000837c6470,0x0000000086f80000)
 Metaspace       used 49331K, capacity 51796K, committed 51968K, reserved 1093632K
  class space    used 6425K, capacity 6874K, committed 6912K, reserved 1048576K
}
Event: 22.873 GC heap before
{Heap before GC invocations=11 (full 2):
 PSYoungGen      total 171008K, used 68103K [0x00000000d6100000, 0x00000000e4280000, 0x0000000100000000)
  eden space 160256K, 35% used [0x00000000d6100000,0x00000000d9906108,0x00000000dfd80000)
  from space 10752K, 99% used [0x00000000e0c80000,0x00000000e16fbd68,0x00000000e1700000)
  to   space 15360K, 0% used [0x00000000dfd80000,0x00000000dfd80000,0x00000000e0c80000)
 ParOldGen       total 79360K, used 22297K [0x0000000082200000, 0x0000000086f80000, 0x00000000d6100000)
  object space 79360K, 28% used [0x0000000082200000,0x00000000837c6470,0x0000000086f80000)
 Metaspace       used 56293K, capacity 58774K, committed 59028K, reserved 1099776K
  class space    used 7407K, capacity 7863K, committed 7936K, reserved 1048576K
Event: 22.899 GC heap after
Heap after GC invocations=11 (full 2):
 PSYoungGen      total 175616K, used 14428K [0x00000000d6100000, 0x00000000e4280000, 0x0000000100000000)
  eden space 160256K, 0% used [0x00000000d6100000,0x00000000d6100000,0x00000000dfd80000)
  from space 15360K, 93% used [0x00000000dfd80000,0x00000000e0b97298,0x00000000e0c80000)
  to   space 10752K, 0% used [0x00000000e0c80000,0x00000000e0c80000,0x00000000e1700000)
 ParOldGen       total 79360K, used 22305K [0x0000000082200000, 0x0000000086f80000, 0x00000000d6100000)
  object space 79360K, 28% used [0x0000000082200000,0x00000000837c8470,0x0000000086f80000)
 Metaspace       used 56293K, capacity 58774K, committed 59028K, reserved 1099776K
  class space    used 7407K, capacity 7863K, committed 7936K, reserved 1048576K
}
Event: 22.899 GC heap before
{Heap before GC invocations=12 (full 3):
 PSYoungGen      total 175616K, used 14428K [0x00000000d6100000, 0x00000000e4280000, 0x0000000100000000)
  eden space 160256K, 0% used [0x00000000d6100000,0x00000000d6100000,0x00000000dfd80000)
  from space 15360K, 93% used [0x00000000dfd80000,0x00000000e0b97298,0x00000000e0c80000)
  to   space 10752K, 0% used [0x00000000e0c80000,0x00000000e0c80000,0x00000000e1700000)
 ParOldGen       total 79360K, used 22305K [0x0000000082200000, 0x0000000086f80000, 0x00000000d6100000)
  object space 79360K, 28% used [0x0000000082200000,0x00000000837c8470,0x0000000086f80000)
 Metaspace       used 56293K, capacity 58774K, committed 59028K, reserved 1099776K
  class space    used 7407K, capacity 7863K, committed 7936K, reserved 1048576K
Event: 23.132 GC heap after
Heap after GC invocations=12 (full 3):
 PSYoungGen      total 175616K, used 0K [0x00000000d6100000, 0x00000000e4280000, 0x0000000100000000)
  eden space 160256K, 0% used [0x00000000d6100000,0x00000000d6100000,0x00000000dfd80000)
  from space 15360K, 0% used [0x00000000dfd80000,0x00000000dfd80000,0x00000000e0c80000)
  to   space 10752K, 0% used [0x00000000e0c80000,0x00000000e0c80000,0x00000000e1700000)
 ParOldGen       total 79360K, used 23066K [0x0000000082200000, 0x0000000086f80000, 0x00000000d6100000)
  object space 79360K, 29% used [0x0000000082200000,0x0000000083886888,0x0000000086f80000)
 Metaspace       used 56293K, capacity 58774K, committed 59028K, reserved 1099776K
  class space    used 7407K, capacity 7863K, committed 7936K, reserved 1048576K
}

