# JRE version: Java(TM) SE Runtime Environment (8.0_111-b14) (build 1.8.0_111-b14)
# Java VM: Java HotSpot(TM) 64-Bit Server VM (25.111-b14 mixed mode windows-amd64 compressed oops)
Heap:
 PSYoungGen      total 169984K, used 15546K [0x00000000d6100000, 0x00000000e4c80000, 0x0000000100000000)
  eden space 154624K, 10% used [0x00000000d6100000,0x00000000d702e8d0,0x00000000df800000)
  from space 15360K, 0% used [0x00000000df800000,0x00000000df800000,0x00000000e0700000)
  to   space 17408K, 0% used [0x00000000e3b80000,0x00000000e3b80000,0x00000000e4c80000)
 ParOldGen       total 82432K, used 23329K [0x0000000082200000, 0x0000000087280000, 0x00000000d6100000)
  object space 82432K, 28% used [0x0000000082200000,0x00000000838c8530,0x0000000087280000)
 Metaspace       used 58165K, capacity 60814K, committed 61184K, reserved 1101824K
  class space    used 7650K, capacity 8123K, committed 8192K, reserved 1048576K
GC Heap History (10 events):
Event: 15.729 GC heap before
{Heap before GC invocations=8 (full 1):
 PSYoungGen      total 112128K, used 83317K [0x00000000d6100000, 0x00000000df180000, 0x0000000100000000)
  eden space 104448K, 72% used [0x00000000d6100000,0x00000000daaf8ac8,0x00000000dc700000)
  from space 7680K, 98% used [0x00000000dea00000,0x00000000df164bf8,0x00000000df180000)
  to   space 9216K, 0% used [0x00000000ddf80000,0x00000000ddf80000,0x00000000de880000)
 ParOldGen       total 54272K, used 5338K [0x0000000082200000, 0x0000000085700000, 0x00000000d6100000)
  object space 54272K, 9% used [0x0000000082200000,0x0000000082736b18,0x0000000085700000)
 Metaspace       used 33178K, capacity 35314K, committed 35416K, reserved 1081344K
  class space    used 4172K, capacity 4547K, committed 4608K, reserved 1048576K
Event: 15.745 GC heap after
Heap after GC invocations=8 (full 1):
 PSYoungGen      total 138752K, used 9207K [0x00000000d6100000, 0x00000000e1180000, 0x0000000100000000)
  eden space 129536K, 0% used [0x00000000d6100000,0x00000000d6100000,0x00000000ddf80000)
  from space 9216K, 99% used [0x00000000ddf80000,0x00000000de87ddb0,0x00000000de880000)
  to   space 10752K, 0% used [0x00000000e0700000,0x00000000e0700000,0x00000000e1180000)
 ParOldGen       total 54272K, used 6610K [0x0000000082200000, 0x0000000085700000, 0x00000000d6100000)
  object space 54272K, 12% used [0x0000000082200000,0x0000000082874a20,0x0000000085700000)
 Metaspace       used 33178K, capacity 35314K, committed 35416K, reserved 1081344K
  class space    used 4172K, capacity 4547K, committed 4608K, reserved 1048576K
}
Event: 15.745 GC heap before
{Heap before GC invocations=9 (full 2):
 PSYoungGen      total 138752K, used 9207K [0x00000000d6100000, 0x00000000e1180000, 0x0000000100000000)
  eden space 129536K, 0% used [0x00000000d6100000,0x00000000d6100000,0x00000000ddf80000)
  from space 9216K, 99% used [0x00000000ddf80000,0x00000000de87ddb0,0x00000000de880000)
  to   space 10752K, 0% used [0x00000000e0700000,0x00000000e0700000,0x00000000e1180000)
 ParOldGen       total 54272K, used 6610K [0x0000000082200000, 0x0000000085700000, 0x00000000d6100000)
  object space 54272K, 12% used [0x0000000082200000,0x0000000082874a20,0x0000000085700000)
 Metaspace       used 33178K, capacity 35314K, committed 35416K, reserved 1081344K
  class space    used 4172K, capacity 4547K, committed 4608K, reserved 1048576K
Event: 15.861 GC heap after
Heap after GC invocations=9 (full 2):
 PSYoungGen      total 138752K, used 0K [0x00000000d6100000, 0x00000000e1180000, 0x0000000100000000)
  eden space 129536K, 0% used [0x00000000d6100000,0x00000000d6100000,0x00000000ddf80000)
  from space 9216K, 0% used [0x00000000ddf80000,0x00000000ddf80000,0x00000000de880000)
  to   space 10752K, 0% used [0x00000000e0700000,0x00000000e0700000,0x00000000e1180000)
 ParOldGen       total 82432K, used 14109K [0x0000000082200000, 0x0000000087280000, 0x00000000d6100000)
  object space 82432K, 17% used [0x0000000082200000,0x0000000082fc7688,0x0000000087280000)
 Metaspace       used 33178K, capacity 35314K, committed 35416K, reserved 1081344K
  class space    used 4172K, capacity 4547K, committed 4608K, reserved 1048576K
}
Event: 20.568 GC heap before
{Heap before GC invocations=10 (full 2):
 PSYoungGen      total 138752K, used 129536K [0x00000000d6100000, 0x00000000e1180000, 0x0000000100000000)
  eden space 129536K, 100% used [0x00000000d6100000,0x00000000ddf80000,0x00000000ddf80000)
  from space 9216K, 0% used [0x00000000ddf80000,0x00000000ddf80000,0x00000000de880000)
  to   space 10752K, 0% used [0x00000000e0700000,0x00000000e0700000,0x00000000e1180000)
 ParOldGen       total 82432K, used 14109K [0x0000000082200000, 0x0000000087280000, 0x00000000d6100000)
  object space 82432K, 17% used [0x0000000082200000,0x0000000082fc7688,0x0000000087280000)
 Metaspace       used 49278K, capacity 51684K, committed 51968K, reserved 1093632K
  class space    used 6412K, capacity 6840K, committed 6912K, reserved 1048576K
Event: 20.601 GC heap after
Heap after GC invocations=10 (full 2):
 PSYoungGen      total 165376K, used 10744K [0x00000000d6100000, 0x00000000e4180000, 0x0000000100000000)
  eden space 154624K, 0% used [0x00000000d6100000,0x00000000d6100000,0x00000000df800000)
  from space 10752K, 99% used [0x00000000e0700000,0x00000000e117e2b0,0x00000000e1180000)
  to   space 15360K, 0% used [0x00000000df800000,0x00000000df800000,0x00000000e0700000)
 ParOldGen       total 82432K, used 22262K [0x0000000082200000, 0x0000000087280000, 0x00000000d6100000)
  object space 82432K, 27% used [0x0000000082200000,0x00000000837bdaa8,0x0000000087280000)
 Metaspace       used 49278K, capacity 51684K, committed 51968K, reserved 1093632K
  class space    used 6412K, capacity 6840K, committed 6912K, reserved 1048576K
}
Event: 22.187 GC heap before
{Heap before GC invocations=11 (full 2):
 PSYoungGen      total 165376K, used 69897K [0x00000000d6100000, 0x00000000e4180000, 0x0000000100000000)
  eden space 154624K, 38% used [0x00000000d6100000,0x00000000d9ac4410,0x00000000df800000)
  from space 10752K, 99% used [0x00000000e0700000,0x00000000e117e2b0,0x00000000e1180000)
  to   space 15360K, 0% used [0x00000000df800000,0x00000000df800000,0x00000000e0700000)
 ParOldGen       total 82432K, used 22262K [0x0000000082200000, 0x0000000087280000, 0x00000000d6100000)
  object space 82432K, 27% used [0x0000000082200000,0x00000000837bdaa8,0x0000000087280000)
 Metaspace       used 56311K, capacity 58818K, committed 59028K, reserved 1099776K
  class space    used 7411K, capacity 7871K, committed 7936K, reserved 1048576K
Event: 22.218 GC heap after
Heap after GC invocations=11 (full 2):
 PSYoungGen      total 169984K, used 14701K [0x00000000d6100000, 0x00000000e4c80000, 0x0000000100000000)
  eden space 154624K, 0% used [0x00000000d6100000,0x00000000d6100000,0x00000000df800000)
  from space 15360K, 95% used [0x00000000df800000,0x00000000e065b4c8,0x00000000e0700000)
  to   space 17408K, 0% used [0x00000000e3b80000,0x00000000e3b80000,0x00000000e4c80000)
 ParOldGen       total 82432K, used 22270K [0x0000000082200000, 0x0000000087280000, 0x00000000d6100000)
  object space 82432K, 27% used [0x0000000082200000,0x00000000837bfaa8,0x0000000087280000)
 Metaspace       used 56311K, capacity 58818K, committed 59028K, reserved 1099776K
  class space    used 7411K, capacity 7871K, committed 7936K, reserved 1048576K
}
Event: 22.218 GC heap before
{Heap before GC invocations=12 (full 3):
 PSYoungGen      total 169984K, used 14701K [0x00000000d6100000, 0x00000000e4c80000, 0x0000000100000000)
  eden space 154624K, 0% used [0x00000000d6100000,0x00000000d6100000,0x00000000df800000)
  from space 15360K, 95% used [0x00000000df800000,0x00000000e065b4c8,0x00000000e0700000)
  to   space 17408K, 0% used [0x00000000e3b80000,0x00000000e3b80000,0x00000000e4c80000)
 ParOldGen       total 82432K, used 22270K [0x0000000082200000, 0x0000000087280000, 0x00000000d6100000)
  object space 82432K, 27% used [0x0000000082200000,0x00000000837bfaa8,0x0000000087280000)
 Metaspace       used 56311K, capacity 58818K, committed 59028K, reserved 1099776K
  class space    used 7411K, capacity 7871K, committed 7936K, reserved 1048576K
Event: 22.483 GC heap after
Heap after GC invocations=12 (full 3):
 PSYoungGen      total 169984K, used 0K [0x00000000d6100000, 0x00000000e4c80000, 0x0000000100000000)
  eden space 154624K, 0% used [0x00000000d6100000,0x00000000d6100000,0x00000000df800000)
  from space 15360K, 0% used [0x00000000df800000,0x00000000df800000,0x00000000e0700000)
  to   space 17408K, 0% used [0x00000000e3b80000,0x00000000e3b80000,0x00000000e4c80000)
 ParOldGen       total 82432K, used 23329K [0x0000000082200000, 0x0000000087280000, 0x00000000d6100000)
  object space 82432K, 28% used [0x0000000082200000,0x00000000838c8530,0x0000000087280000)
 Metaspace       used 56292K, capacity 58782K, committed 59028K, reserved 1099776K
  class space    used 7408K, capacity 7865K, committed 7936K, reserved 1048576K
}

