# JRE version: Java(TM) SE Runtime Environment (8.0_111-b14) (build 1.8.0_111-b14)
# Java VM: Java HotSpot(TM) 64-Bit Server VM (25.111-b14 mixed mode windows-amd64 compressed oops)
Heap:
 PSYoungGen      total 195584K, used 31923K [0x00000000d6100000, 0x00000000e3480000, 0x0000000100000000)
  eden space 188416K, 16% used [0x00000000d6100000,0x00000000d802cd48,0x00000000e1900000)
  from space 7168K, 0% used [0x00000000e2d80000,0x00000000e2d80000,0x00000000e3480000)
  to   space 12800K, 0% used [0x00000000e1b80000,0x00000000e1b80000,0x00000000e2800000)
 ParOldGen       total 91136K, used 11832K [0x0000000082200000, 0x0000000087b00000, 0x00000000d6100000)
  object space 91136K, 12% used [0x0000000082200000,0x0000000082d8e1c0,0x0000000087b00000)
 Metaspace       used 36574K, capacity 38774K, committed 38912K, reserved 1083392K
  class space    used 4726K, capacity 5099K, committed 5120K, reserved 1048576K
GC Heap History (10 events):
Event: 3.855 GC heap before
{Heap before GC invocations=4 (full 0):
 PSYoungGen      total 70656K, used 9774K [0x00000000d6100000, 0x00000000deb00000, 0x0000000100000000)
  eden space 65536K, 7% used [0x00000000d6100000,0x00000000d6593a30,0x00000000da100000)
  from space 5120K, 99% used [0x00000000da100000,0x00000000da5f8098,0x00000000da600000)
  to   space 5120K, 0% used [0x00000000de600000,0x00000000de600000,0x00000000deb00000)
 ParOldGen       total 86016K, used 7480K [0x0000000082200000, 0x0000000087600000, 0x00000000d6100000)
  object space 86016K, 8% used [0x0000000082200000,0x000000008294e070,0x0000000087600000)
 Metaspace       used 20198K, capacity 21176K, committed 21248K, reserved 1067008K
  class space    used 2537K, capacity 2768K, committed 2816K, reserved 1048576K
Event: 3.870 GC heap after
Heap after GC invocations=4 (full 0):
 PSYoungGen      total 136192K, used 5067K [0x00000000d6100000, 0x00000000deb00000, 0x0000000100000000)
  eden space 131072K, 0% used [0x00000000d6100000,0x00000000d6100000,0x00000000de100000)
  from space 5120K, 98% used [0x00000000de600000,0x00000000deaf2c08,0x00000000deb00000)
  to   space 5120K, 0% used [0x00000000de100000,0x00000000de100000,0x00000000de600000)
 ParOldGen       total 86016K, used 7488K [0x0000000082200000, 0x0000000087600000, 0x00000000d6100000)
  object space 86016K, 8% used [0x0000000082200000,0x0000000082950070,0x0000000087600000)
 Metaspace       used 20198K, capacity 21176K, committed 21248K, reserved 1067008K
  class space    used 2537K, capacity 2768K, committed 2816K, reserved 1048576K
}
Event: 3.870 GC heap before
{Heap before GC invocations=5 (full 1):
 PSYoungGen      total 136192K, used 5067K [0x00000000d6100000, 0x00000000deb00000, 0x0000000100000000)
  eden space 131072K, 0% used [0x00000000d6100000,0x00000000d6100000,0x00000000de100000)
  from space 5120K, 98% used [0x00000000de600000,0x00000000deaf2c08,0x00000000deb00000)
  to   space 5120K, 0% used [0x00000000de100000,0x00000000de100000,0x00000000de600000)
 ParOldGen       total 86016K, used 7488K [0x0000000082200000, 0x0000000087600000, 0x00000000d6100000)
  object space 86016K, 8% used [0x0000000082200000,0x0000000082950070,0x0000000087600000)
 Metaspace       used 20198K, capacity 21176K, committed 21248K, reserved 1067008K
  class space    used 2537K, capacity 2768K, committed 2816K, reserved 1048576K
Event: 3.960 GC heap after
Heap after GC invocations=5 (full 1):
 PSYoungGen      total 136192K, used 0K [0x00000000d6100000, 0x00000000deb00000, 0x0000000100000000)
  eden space 131072K, 0% used [0x00000000d6100000,0x00000000d6100000,0x00000000de100000)
  from space 5120K, 0% used [0x00000000de600000,0x00000000de600000,0x00000000deb00000)
  to   space 5120K, 0% used [0x00000000de100000,0x00000000de100000,0x00000000de600000)
 ParOldGen       total 58368K, used 5314K [0x0000000082200000, 0x0000000085b00000, 0x00000000d6100000)
  object space 58368K, 9% used [0x0000000082200000,0x00000000827309b8,0x0000000085b00000)
 Metaspace       used 20198K, capacity 21176K, committed 21248K, reserved 1067008K
  class space    used 2537K, capacity 2768K, committed 2816K, reserved 1048576K
}
Event: 8.048 GC heap before
{Heap before GC invocations=6 (full 1):
 PSYoungGen      total 136192K, used 131072K [0x00000000d6100000, 0x00000000deb00000, 0x0000000100000000)
  eden space 131072K, 100% used [0x00000000d6100000,0x00000000de100000,0x00000000de100000)
  from space 5120K, 0% used [0x00000000de600000,0x00000000de600000,0x00000000deb00000)
  to   space 5120K, 0% used [0x00000000de100000,0x00000000de100000,0x00000000de600000)
 ParOldGen       total 58368K, used 5314K [0x0000000082200000, 0x0000000085b00000, 0x00000000d6100000)
  object space 58368K, 9% used [0x0000000082200000,0x00000000827309b8,0x0000000085b00000)
 Metaspace       used 31103K, capacity 33174K, committed 33280K, reserved 1079296K
  class space    used 3945K, capacity 4323K, committed 4352K, reserved 1048576K
Event: 8.087 GC heap after
Heap after GC invocations=6 (full 1):
 PSYoungGen      total 136192K, used 5088K [0x00000000d6100000, 0x00000000e3a80000, 0x0000000100000000)
  eden space 131072K, 0% used [0x00000000d6100000,0x00000000d6100000,0x00000000de100000)
  from space 5120K, 99% used [0x00000000de100000,0x00000000de5f8020,0x00000000de600000)
  to   space 13312K, 0% used [0x00000000e2d80000,0x00000000e2d80000,0x00000000e3a80000)
 ParOldGen       total 58368K, used 13199K [0x0000000082200000, 0x0000000085b00000, 0x00000000d6100000)
  object space 58368K, 22% used [0x0000000082200000,0x0000000082ee3ec0,0x0000000085b00000)
 Metaspace       used 31103K, capacity 33174K, committed 33280K, reserved 1079296K
  class space    used 3945K, capacity 4323K, committed 4352K, reserved 1048576K
}
Event: 10.631 GC heap before
{Heap before GC invocations=7 (full 1):
 PSYoungGen      total 136192K, used 19011K [0x00000000d6100000, 0x00000000e3a80000, 0x0000000100000000)
  eden space 131072K, 10% used [0x00000000d6100000,0x00000000d6e98cf8,0x00000000de100000)
  from space 5120K, 99% used [0x00000000de100000,0x00000000de5f8020,0x00000000de600000)
  to   space 13312K, 0% used [0x00000000e2d80000,0x00000000e2d80000,0x00000000e3a80000)
 ParOldGen       total 58368K, used 13199K [0x0000000082200000, 0x0000000085b00000, 0x00000000d6100000)
  object space 58368K, 22% used [0x0000000082200000,0x0000000082ee3ec0,0x0000000085b00000)
 Metaspace       used 33177K, capacity 35314K, committed 35416K, reserved 1081344K
  class space    used 4172K, capacity 4547K, committed 4608K, reserved 1048576K
Event: 10.642 GC heap after
Heap after GC invocations=7 (full 1):
 PSYoungGen      total 195584K, used 6798K [0x00000000d6100000, 0x00000000e3480000, 0x0000000100000000)
  eden space 188416K, 0% used [0x00000000d6100000,0x00000000d6100000,0x00000000e1900000)
  from space 7168K, 94% used [0x00000000e2d80000,0x00000000e3423b28,0x00000000e3480000)
  to   space 12800K, 0% used [0x00000000e1b80000,0x00000000e1b80000,0x00000000e2800000)
 ParOldGen       total 58368K, used 13207K [0x0000000082200000, 0x0000000085b00000, 0x00000000d6100000)
  object space 58368K, 22% used [0x0000000082200000,0x0000000082ee5ec0,0x0000000085b00000)
 Metaspace       used 33177K, capacity 35314K, committed 35416K, reserved 1081344K
  class space    used 4172K, capacity 4547K, committed 4608K, reserved 1048576K
}
Event: 10.642 GC heap before
{Heap before GC invocations=8 (full 2):
 PSYoungGen      total 195584K, used 6798K [0x00000000d6100000, 0x00000000e3480000, 0x0000000100000000)
  eden space 188416K, 0% used [0x00000000d6100000,0x00000000d6100000,0x00000000e1900000)
  from space 7168K, 94% used [0x00000000e2d80000,0x00000000e3423b28,0x00000000e3480000)
  to   space 12800K, 0% used [0x00000000e1b80000,0x00000000e1b80000,0x00000000e2800000)
 ParOldGen       total 58368K, used 13207K [0x0000000082200000, 0x0000000085b00000, 0x00000000d6100000)
  object space 58368K, 22% used [0x0000000082200000,0x0000000082ee5ec0,0x0000000085b00000)
 Metaspace       used 33177K, capacity 35314K, committed 35416K, reserved 1081344K
  class space    used 4172K, capacity 4547K, committed 4608K, reserved 1048576K
Event: 10.702 GC heap after
Heap after GC invocations=8 (full 2):
 PSYoungGen      total 195584K, used 0K [0x00000000d6100000, 0x00000000e3480000, 0x0000000100000000)
  eden space 188416K, 0% used [0x00000000d6100000,0x00000000d6100000,0x00000000e1900000)
  from space 7168K, 0% used [0x00000000e2d80000,0x00000000e2d80000,0x00000000e3480000)
  to   space 12800K, 0% used [0x00000000e1b80000,0x00000000e1b80000,0x00000000e2800000)
 ParOldGen       total 91136K, used 11832K [0x0000000082200000, 0x0000000087b00000, 0x00000000d6100000)
  object space 91136K, 12% used [0x0000000082200000,0x0000000082d8e1c0,0x0000000087b00000)
 Metaspace       used 33177K, capacity 35314K, committed 35416K, reserved 1081344K
  class space    used 4172K, capacity 4547K, committed 4608K, reserved 1048576K
}

