# JRE version: Java(TM) SE Runtime Environment (8.0_111-b14) (build 1.8.0_111-b14)
# Java VM: Java HotSpot(TM) 64-Bit Server VM (25.111-b14 mixed mode windows-amd64 compressed oops)
Heap:
 PSYoungGen      total 171520K, used 60212K [0x00000000d6100000, 0x00000000e5500000, 0x0000000100000000)
  eden space 156160K, 38% used [0x00000000d6100000,0x00000000d9bcd120,0x00000000df980000)
  from space 15360K, 0% used [0x00000000df980000,0x00000000df980000,0x00000000e0880000)
  to   space 16896K, 0% used [0x00000000e4480000,0x00000000e4480000,0x00000000e5500000)
 ParOldGen       total 112128K, used 23066K [0x0000000082200000, 0x0000000088f80000, 0x00000000d6100000)
  object space 112128K, 20% used [0x0000000082200000,0x0000000083886920,0x0000000088f80000)
 Metaspace       used 64723K, capacity 67416K, committed 67840K, reserved 1107968K
  class space    used 8176K, capacity 8623K, committed 8704K, reserved 1048576K
GC Heap History (10 events):
Event: 27.768 GC heap before
{Heap before GC invocations=8 (full 1):
 PSYoungGen      total 112640K, used 84042K [0x00000000d6100000, 0x00000000df100000, 0x0000000100000000)
  eden space 104960K, 72% used [0x00000000d6100000,0x00000000dabc2768,0x00000000dc780000)
  from space 7680K, 97% used [0x00000000de980000,0x00000000df0d02a8,0x00000000df100000)
  to   space 9216K, 0% used [0x00000000ddf00000,0x00000000ddf00000,0x00000000de800000)
 ParOldGen       total 53760K, used 5273K [0x0000000082200000, 0x0000000085680000, 0x00000000d6100000)
  object space 53760K, 9% used [0x0000000082200000,0x00000000827266e8,0x0000000085680000)
 Metaspace       used 33178K, capacity 35314K, committed 35416K, reserved 1081344K
  class space    used 4178K, capacity 4547K, committed 4608K, reserved 1048576K
Event: 27.784 GC heap after
Heap after GC invocations=8 (full 1):
 PSYoungGen      total 138240K, used 9203K [0x00000000d6100000, 0x00000000e1300000, 0x0000000100000000)
  eden space 129024K, 0% used [0x00000000d6100000,0x00000000d6100000,0x00000000ddf00000)
  from space 9216K, 99% used [0x00000000ddf00000,0x00000000de7fcf88,0x00000000de800000)
  to   space 10752K, 0% used [0x00000000e0880000,0x00000000e0880000,0x00000000e1300000)
 ParOldGen       total 53760K, used 6479K [0x0000000082200000, 0x0000000085680000, 0x00000000d6100000)
  object space 53760K, 12% used [0x0000000082200000,0x0000000082853ea8,0x0000000085680000)
 Metaspace       used 33178K, capacity 35314K, committed 35416K, reserved 1081344K
  class space    used 4178K, capacity 4547K, committed 4608K, reserved 1048576K
}
Event: 27.785 GC heap before
{Heap before GC invocations=9 (full 2):
 PSYoungGen      total 138240K, used 9203K [0x00000000d6100000, 0x00000000e1300000, 0x0000000100000000)
  eden space 129024K, 0% used [0x00000000d6100000,0x00000000d6100000,0x00000000ddf00000)
  from space 9216K, 99% used [0x00000000ddf00000,0x00000000de7fcf88,0x00000000de800000)
  to   space 10752K, 0% used [0x00000000e0880000,0x00000000e0880000,0x00000000e1300000)
 ParOldGen       total 53760K, used 6479K [0x0000000082200000, 0x0000000085680000, 0x00000000d6100000)
  object space 53760K, 12% used [0x0000000082200000,0x0000000082853ea8,0x0000000085680000)
 Metaspace       used 33178K, capacity 35314K, committed 35416K, reserved 1081344K
  class space    used 4178K, capacity 4547K, committed 4608K, reserved 1048576K
Event: 27.897 GC heap after
Heap after GC invocations=9 (full 2):
 PSYoungGen      total 138240K, used 0K [0x00000000d6100000, 0x00000000e1300000, 0x0000000100000000)
  eden space 129024K, 0% used [0x00000000d6100000,0x00000000d6100000,0x00000000ddf00000)
  from space 9216K, 0% used [0x00000000ddf00000,0x00000000ddf00000,0x00000000de800000)
  to   space 10752K, 0% used [0x00000000e0880000,0x00000000e0880000,0x00000000e1300000)
 ParOldGen       total 78848K, used 14140K [0x0000000082200000, 0x0000000086f00000, 0x00000000d6100000)
  object space 78848K, 17% used [0x0000000082200000,0x0000000082fcf300,0x0000000086f00000)
 Metaspace       used 33178K, capacity 35314K, committed 35416K, reserved 1081344K
  class space    used 4178K, capacity 4547K, committed 4608K, reserved 1048576K
}
Event: 33.549 GC heap before
{Heap before GC invocations=10 (full 2):
 PSYoungGen      total 138240K, used 129024K [0x00000000d6100000, 0x00000000e1300000, 0x0000000100000000)
  eden space 129024K, 100% used [0x00000000d6100000,0x00000000ddf00000,0x00000000ddf00000)
  from space 9216K, 0% used [0x00000000ddf00000,0x00000000ddf00000,0x00000000de800000)
  to   space 10752K, 0% used [0x00000000e0880000,0x00000000e0880000,0x00000000e1300000)
 ParOldGen       total 78848K, used 14140K [0x0000000082200000, 0x0000000086f00000, 0x00000000d6100000)
  object space 78848K, 17% used [0x0000000082200000,0x0000000082fcf300,0x0000000086f00000)
 Metaspace       used 49379K, capacity 51792K, committed 51968K, reserved 1093632K
  class space    used 6424K, capacity 6874K, committed 6912K, reserved 1048576K
Event: 33.582 GC heap after
Heap after GC invocations=10 (full 2):
 PSYoungGen      total 166912K, used 10725K [0x00000000d6100000, 0x00000000e4780000, 0x0000000100000000)
  eden space 156160K, 0% used [0x00000000d6100000,0x00000000d6100000,0x00000000df980000)
  from space 10752K, 99% used [0x00000000e0880000,0x00000000e12f9790,0x00000000e1300000)
  to   space 15360K, 0% used [0x00000000df980000,0x00000000df980000,0x00000000e0880000)
 ParOldGen       total 78848K, used 22288K [0x0000000082200000, 0x0000000086f00000, 0x00000000d6100000)
  object space 78848K, 28% used [0x0000000082200000,0x00000000837c4248,0x0000000086f00000)
 Metaspace       used 49379K, capacity 51792K, committed 51968K, reserved 1093632K
  class space    used 6424K, capacity 6874K, committed 6912K, reserved 1048576K
}
Event: 35.532 GC heap before
{Heap before GC invocations=11 (full 2):
 PSYoungGen      total 166912K, used 67642K [0x00000000d6100000, 0x00000000e4780000, 0x0000000100000000)
  eden space 156160K, 36% used [0x00000000d6100000,0x00000000d9895260,0x00000000df980000)
  from space 10752K, 99% used [0x00000000e0880000,0x00000000e12f9790,0x00000000e1300000)
  to   space 15360K, 0% used [0x00000000df980000,0x00000000df980000,0x00000000e0880000)
 ParOldGen       total 78848K, used 22288K [0x0000000082200000, 0x0000000086f00000, 0x00000000d6100000)
  object space 78848K, 28% used [0x0000000082200000,0x00000000837c4248,0x0000000086f00000)
 Metaspace       used 56266K, capacity 58788K, committed 59028K, reserved 1099776K
  class space    used 7403K, capacity 7866K, committed 7936K, reserved 1048576K
Event: 35.582 GC heap after
Heap after GC invocations=11 (full 2):
 PSYoungGen      total 171520K, used 14492K [0x00000000d6100000, 0x00000000e5500000, 0x0000000100000000)
  eden space 156160K, 0% used [0x00000000d6100000,0x00000000d6100000,0x00000000df980000)
  from space 15360K, 94% used [0x00000000df980000,0x00000000e07a71d8,0x00000000e0880000)
  to   space 16896K, 0% used [0x00000000e4480000,0x00000000e4480000,0x00000000e5500000)
 ParOldGen       total 78848K, used 22296K [0x0000000082200000, 0x0000000086f00000, 0x00000000d6100000)
  object space 78848K, 28% used [0x0000000082200000,0x00000000837c6248,0x0000000086f00000)
 Metaspace       used 56266K, capacity 58788K, committed 59028K, reserved 1099776K
  class space    used 7403K, capacity 7866K, committed 7936K, reserved 1048576K
}
Event: 35.582 GC heap before
{Heap before GC invocations=12 (full 3):
 PSYoungGen      total 171520K, used 14492K [0x00000000d6100000, 0x00000000e5500000, 0x0000000100000000)
  eden space 156160K, 0% used [0x00000000d6100000,0x00000000d6100000,0x00000000df980000)
  from space 15360K, 94% used [0x00000000df980000,0x00000000e07a71d8,0x00000000e0880000)
  to   space 16896K, 0% used [0x00000000e4480000,0x00000000e4480000,0x00000000e5500000)
 ParOldGen       total 78848K, used 22296K [0x0000000082200000, 0x0000000086f00000, 0x00000000d6100000)
  object space 78848K, 28% used [0x0000000082200000,0x00000000837c6248,0x0000000086f00000)
 Metaspace       used 56266K, capacity 58788K, committed 59028K, reserved 1099776K
  class space    used 7403K, capacity 7866K, committed 7936K, reserved 1048576K
Event: 35.961 GC heap after
Heap after GC invocations=12 (full 3):
 PSYoungGen      total 171520K, used 0K [0x00000000d6100000, 0x00000000e5500000, 0x0000000100000000)
  eden space 156160K, 0% used [0x00000000d6100000,0x00000000d6100000,0x00000000df980000)
  from space 15360K, 0% used [0x00000000df980000,0x00000000df980000,0x00000000e0880000)
  to   space 16896K, 0% used [0x00000000e4480000,0x00000000e4480000,0x00000000e5500000)
 ParOldGen       total 112128K, used 23066K [0x0000000082200000, 0x0000000088f80000, 0x00000000d6100000)
  object space 112128K, 20% used [0x0000000082200000,0x0000000083886920,0x0000000088f80000)
 Metaspace       used 56264K, capacity 58782K, committed 59028K, reserved 1099776K
  class space    used 7402K, capacity 7865K, committed 7936K, reserved 1048576K
}

